{"content": {"suites": {"0": {"status": {"total_pass": 0, "total_skip": 0, "total_xpass": 0, "total_xfail": 0, "total_rerun": 0, "total_fail": 1, "total_error": 0}, "tests": {"0": {"status": "FAIL", "message": "E   selenium.common.exceptions.NoSuchElementException: Message: no such element: Unable to locate element: {\"method\":\"xpath\",\"selector\":\"//span[text()=\"Building Added Successfully\"]\"}\nE   selenium.common.exceptions.NoSuchElementException: Message: None\n", "test_name": "test_execution[Fs/Building_save]", "rerun": "0"}}, "suite_name": "test_exe.py"}}}, "date": "August 09, 2021", "start_time": 1628502209.9831295, "total_suite": 1, "status": "FAIL", "status_list": {"pass": "0", "fail": "1", "skip": "0", "error": "0", "xpass": "0", "xfail": "0", "rerun": "0"}, "total_tests": "1"}